<?xml version="1.0" encoding="UTF-8"?>
<beans xmlns="http://www.springframework.org/schema/beans"
       xmlns:xsi="http://www.w3.org/2001/XMLSchema-instance" xmlns:util="http://www.springframework.org/schema/util"
       xsi:schemaLocation="http://www.springframework.org/schema/beans http://www.springframework.org/schema/beans/spring-beans-3.1.xsd http://www.springframework.org/schema/util http://www.springframework.org/schema/util/spring-util-2.0.xsd">
    <import resource="classpath*:applicationCrudModuleContext.xml"/>

    <util:properties id="couchdbProperties" location="classpath:couchdb.properties"/>

    <bean id="couchDbConnector" class="org.ektorp.impl.StdCouchDbConnector">
        <constructor-arg value="motech-contrib-tests" />
        <constructor-arg>
            <bean id="couchDbInstance" class="org.ektorp.impl.StdCouchDbInstance">
                <constructor-arg>
                    <bean class="org.ektorp.spring.HttpClientFactoryBean" />
                </constructor-arg>
            </bean>
        </constructor-arg>
    </bean>
</beans>
