<?xml version="1.0" encoding="UTF-8"?>
<beans xmlns="http://www.springframework.org/schema/beans"
       xmlns:xsi="http://www.w3.org/2001/XMLSchema-instance"
       xmlns:mockito="http://www.mockito.org/spring/mockito" xmlns:util="http://www.springframework.org/schema/util"
       xsi:schemaLocation="http://www.springframework.org/schema/beans http://www.springframework.org/schema/beans/spring-beans-3.0.xsd
    http://www.mockito.org/spring/mockito https://bitbucket.org/kubek2k/springockito/raw/tip/springockito/src/main/resources/spring/mockito.xsd http://www.springframework.org/schema/util http://www.springframework.org/schema/util/spring-util-2.0.xsd">

    <import resource="classpath*:applicationContext-Paginator.xml"/>
    <bean id="entity1" class="java.lang.String">
        <constructor-arg value="entity1"></constructor-arg>
    </bean>

    <mockito:mock id="pagingService1" class="org.motechproject.paginator.service.Paging"/>
    <mockito:mock id="pagingService2" class="org.motechproject.paginator.service.Paging"/>

    <util:map id="pagingServiceMap"
              key-type="java.lang.String"
              value-type="org.motechproject.paginator.service.Paging">
        <entry key="entity1" value-ref="pagingService1"/>
        <entry key="entity2" value-ref="pagingService2"/>
    </util:map>
</beans>
