<?xml version="1.0" encoding="UTF-8" standalone="no"?>
<beans xmlns="http://www.springframework.org/schema/beans"
       xmlns:xsi="http://www.w3.org/2001/XMLSchema-instance"
       xmlns:context="http://www.springframework.org/schema/context"
       xmlns:jpa="http://www.springframework.org/schema/data/jpa"
       xmlns:p="http://www.springframework.org/schema/p" xmlns:tx="http://www.springframework.org/schema/tx"
       xsi:schemaLocation="http://www.springframework.org/schema/beans http://www.springframework.org/schema/beans/spring-beans-3.0.xsd http://www.springframework.org/schema/context http://www.springframework.org/schema/context/spring-context-3.1.xsd http://www.springframework.org/schema/data/jpa http://www.springframework.org/schema/data/jpa/spring-jpa-1.0.xsd http://www.springframework.org/schema/tx http://www.springframework.org/schema/tx/spring-tx-3.1.xsd">

    <context:property-placeholder location="classpath:callLog.properties" ignore-unresolvable="true"/>
    <context:property-placeholder location="classpath:activemq.properties" ignore-unresolvable="true"/>
    <context:property-placeholder location="classpath:osgi.properties" ignore-unresolvable="true"/>

    <import resource="classpath*:applicationCallLogContext.xml"/>

    <bean id="dataSource" class="org.apache.commons.dbcp.BasicDataSource" destroy-method="close">
        <property name="driverClassName" value="${jdbc.driverClassName}"/>
        <property name="url" value="${jdbc.url}"/>
        <property name="username" value="${jdbc.username}"/>
        <property name="password" value="${jdbc.password}"/>
    </bean>

    <jpa:repositories base-package="org.motechproject.calllog.repository"
                      transaction-manager-ref="callLogTransactionManager"
                      entity-manager-factory-ref="callLogEntityManagerFactory"/>


    <bean id="callLogEntityManagerFactory"
          class="org.springframework.orm.jpa.LocalContainerEntityManagerFactoryBean">
        <property name="persistenceUnitName" value="callLog" />
        <property name="packagesToScan" value="org.motechproject.calllog.domain"/>
        <property name="dataSource" ref="dataSource"/>
        <property name="jpaVendorAdapter">
            <bean class="org.springframework.orm.jpa.vendor.HibernateJpaVendorAdapter">
                <property name="showSql" value="true"/>
                <property name="databasePlatform" value="${hibernate.dialect}"/>
            </bean>
        </property>
        <property name="jpaProperties">
            <props>
                <prop key="hibernate.default_schema">${hibernate.default_schema}</prop>
            </props>
        </property>
    </bean>

    <bean id="callLogTransactionManager" class="org.springframework.orm.jpa.JpaTransactionManager"
          p:entityManagerFactory-ref="callLogEntityManagerFactory">
    </bean>
    <tx:annotation-driven transaction-manager="callLogTransactionManager"/>
</beans>